{
  "C:\\Users\\akiku\\OneDrive\\Työpöytä\\VisualCode\\studentin\\studentin-client\\src\\context\\auth-context.js": {
    "path": "C:\\Users\\akiku\\OneDrive\\Työpöytä\\VisualCode\\studentin\\studentin-client\\src\\context\\auth-context.js",
    "statementMap": {
      "0": {
        "start": {
          "line": 3,
          "column": 20
        },
        "end": {
          "line": 9,
          "column": 2
        }
      }
    },
    "fnMap": {
      "0": {
        "name": "(anonymous_0)",
        "decl": {
          "start": {
            "line": 7,
            "column": 9
          },
          "end": {
            "line": 7,
            "column": 10
          }
        },
        "loc": {
          "start": {
            "line": 7,
            "column": 15
          },
          "end": {
            "line": 7,
            "column": 17
          }
        },
        "line": 7
      },
      "1": {
        "name": "(anonymous_1)",
        "decl": {
          "start": {
            "line": 8,
            "column": 10
          },
          "end": {
            "line": 8,
            "column": 11
          }
        },
        "loc": {
          "start": {
            "line": 8,
            "column": 16
          },
          "end": {
            "line": 8,
            "column": 18
          }
        },
        "line": 8
      }
    },
    "branchMap": {},
    "s": {
      "0": 20
    },
    "f": {
      "0": 0,
      "1": 0
    },
    "b": {},
    "_coverageSchema": "1a1c01bbd47fc00a2c39e90264f33305004495a9",
    "hash": "c2e651e39ffcc7988b12201bc3135aae256f4a58"
  },
  "C:\\Users\\akiku\\OneDrive\\Työpöytä\\VisualCode\\studentin\\studentin-client\\src\\components\\http-hook.js": {
    "path": "C:\\Users\\akiku\\OneDrive\\Työpöytä\\VisualCode\\studentin\\studentin-client\\src\\components\\http-hook.js",
    "statementMap": {
      "0": {
        "start": {
          "line": 3,
          "column": 29
        },
        "end": {
          "line": 58,
          "column": 1
        }
      },
      "1": {
        "start": {
          "line": 4,
          "column": 36
        },
        "end": {
          "line": 4,
          "column": 51
        }
      },
      "2": {
        "start": {
          "line": 5,
          "column": 28
        },
        "end": {
          "line": 5,
          "column": 38
        }
      },
      "3": {
        "start": {
          "line": 7,
          "column": 29
        },
        "end": {
          "line": 7,
          "column": 39
        }
      },
      "4": {
        "start": {
          "line": 9,
          "column": 22
        },
        "end": {
          "line": 40,
          "column": 3
        }
      },
      "5": {
        "start": {
          "line": 11,
          "column": 6
        },
        "end": {
          "line": 11,
          "column": 25
        }
      },
      "6": {
        "start": {
          "line": 12,
          "column": 37
        },
        "end": {
          "line": 12,
          "column": 58
        }
      },
      "7": {
        "start": {
          "line": 13,
          "column": 6
        },
        "end": {
          "line": 13,
          "column": 62
        }
      },
      "8": {
        "start": {
          "line": 14,
          "column": 6
        },
        "end": {
          "line": 37,
          "column": 7
        }
      },
      "9": {
        "start": {
          "line": 15,
          "column": 25
        },
        "end": {
          "line": 20,
          "column": 10
        }
      },
      "10": {
        "start": {
          "line": 22,
          "column": 21
        },
        "end": {
          "line": 22,
          "column": 42
        }
      },
      "11": {
        "start": {
          "line": 24,
          "column": 8
        },
        "end": {
          "line": 26,
          "column": 10
        }
      },
      "12": {
        "start": {
          "line": 25,
          "column": 23
        },
        "end": {
          "line": 25,
          "column": 57
        }
      },
      "13": {
        "start": {
          "line": 28,
          "column": 8
        },
        "end": {
          "line": 30,
          "column": 9
        }
      },
      "14": {
        "start": {
          "line": 29,
          "column": 10
        },
        "end": {
          "line": 29,
          "column": 40
        }
      },
      "15": {
        "start": {
          "line": 31,
          "column": 8
        },
        "end": {
          "line": 31,
          "column": 28
        }
      },
      "16": {
        "start": {
          "line": 32,
          "column": 8
        },
        "end": {
          "line": 32,
          "column": 20
        }
      },
      "17": {
        "start": {
          "line": 34,
          "column": 8
        },
        "end": {
          "line": 34,
          "column": 30
        }
      },
      "18": {
        "start": {
          "line": 35,
          "column": 8
        },
        "end": {
          "line": 35,
          "column": 28
        }
      },
      "19": {
        "start": {
          "line": 36,
          "column": 8
        },
        "end": {
          "line": 36,
          "column": 18
        }
      },
      "20": {
        "start": {
          "line": 42,
          "column": 21
        },
        "end": {
          "line": 44,
          "column": 3
        }
      },
      "21": {
        "start": {
          "line": 43,
          "column": 4
        },
        "end": {
          "line": 43,
          "column": 19
        }
      },
      "22": {
        "start": {
          "line": 46,
          "column": 2
        },
        "end": {
          "line": 55,
          "column": 9
        }
      },
      "23": {
        "start": {
          "line": 48,
          "column": 4
        },
        "end": {
          "line": 54,
          "column": 6
        }
      },
      "24": {
        "start": {
          "line": 51,
          "column": 6
        },
        "end": {
          "line": 53,
          "column": 8
        }
      },
      "25": {
        "start": {
          "line": 52,
          "column": 8
        },
        "end": {
          "line": 52,
          "column": 31
        }
      },
      "26": {
        "start": {
          "line": 57,
          "column": 2
        },
        "end": {
          "line": 57,
          "column": 55
        }
      }
    },
    "fnMap": {
      "0": {
        "name": "(anonymous_0)",
        "decl": {
          "start": {
            "line": 3,
            "column": 29
          },
          "end": {
            "line": 3,
            "column": 30
          }
        },
        "loc": {
          "start": {
            "line": 3,
            "column": 35
          },
          "end": {
            "line": 58,
            "column": 1
          }
        },
        "line": 3
      },
      "1": {
        "name": "(anonymous_1)",
        "decl": {
          "start": {
            "line": 10,
            "column": 4
          },
          "end": {
            "line": 10,
            "column": 5
          }
        },
        "loc": {
          "start": {
            "line": 10,
            "column": 62
          },
          "end": {
            "line": 38,
            "column": 5
          }
        },
        "line": 10
      },
      "2": {
        "name": "(anonymous_2)",
        "decl": {
          "start": {
            "line": 25,
            "column": 10
          },
          "end": {
            "line": 25,
            "column": 11
          }
        },
        "loc": {
          "start": {
            "line": 25,
            "column": 23
          },
          "end": {
            "line": 25,
            "column": 57
          }
        },
        "line": 25
      },
      "3": {
        "name": "(anonymous_3)",
        "decl": {
          "start": {
            "line": 42,
            "column": 21
          },
          "end": {
            "line": 42,
            "column": 22
          }
        },
        "loc": {
          "start": {
            "line": 42,
            "column": 27
          },
          "end": {
            "line": 44,
            "column": 3
          }
        },
        "line": 42
      },
      "4": {
        "name": "(anonymous_4)",
        "decl": {
          "start": {
            "line": 46,
            "column": 12
          },
          "end": {
            "line": 46,
            "column": 13
          }
        },
        "loc": {
          "start": {
            "line": 46,
            "column": 18
          },
          "end": {
            "line": 55,
            "column": 3
          }
        },
        "line": 46
      },
      "5": {
        "name": "(anonymous_5)",
        "decl": {
          "start": {
            "line": 48,
            "column": 11
          },
          "end": {
            "line": 48,
            "column": 12
          }
        },
        "loc": {
          "start": {
            "line": 48,
            "column": 17
          },
          "end": {
            "line": 54,
            "column": 5
          }
        },
        "line": 48
      },
      "6": {
        "name": "(anonymous_6)",
        "decl": {
          "start": {
            "line": 51,
            "column": 41
          },
          "end": {
            "line": 51,
            "column": 42
          }
        },
        "loc": {
          "start": {
            "line": 52,
            "column": 8
          },
          "end": {
            "line": 52,
            "column": 31
          }
        },
        "line": 52
      }
    },
    "branchMap": {
      "0": {
        "loc": {
          "start": {
            "line": 10,
            "column": 16
          },
          "end": {
            "line": 10,
            "column": 30
          }
        },
        "type": "default-arg",
        "locations": [
          {
            "start": {
              "line": 10,
              "column": 25
            },
            "end": {
              "line": 10,
              "column": 30
            }
          }
        ],
        "line": 10
      },
      "1": {
        "loc": {
          "start": {
            "line": 10,
            "column": 32
          },
          "end": {
            "line": 10,
            "column": 43
          }
        },
        "type": "default-arg",
        "locations": [
          {
            "start": {
              "line": 10,
              "column": 39
            },
            "end": {
              "line": 10,
              "column": 43
            }
          }
        ],
        "line": 10
      },
      "2": {
        "loc": {
          "start": {
            "line": 10,
            "column": 45
          },
          "end": {
            "line": 10,
            "column": 57
          }
        },
        "type": "default-arg",
        "locations": [
          {
            "start": {
              "line": 10,
              "column": 55
            },
            "end": {
              "line": 10,
              "column": 57
            }
          }
        ],
        "line": 10
      },
      "3": {
        "loc": {
          "start": {
            "line": 28,
            "column": 8
          },
          "end": {
            "line": 30,
            "column": 9
          }
        },
        "type": "if",
        "locations": [
          {
            "start": {
              "line": 28,
              "column": 8
            },
            "end": {
              "line": 30,
              "column": 9
            }
          },
          {
            "start": {
              "line": 28,
              "column": 8
            },
            "end": {
              "line": 30,
              "column": 9
            }
          }
        ],
        "line": 28
      }
    },
    "s": {
      "0": 20,
      "1": 2953,
      "2": 2952,
      "3": 2952,
      "4": 2952,
      "5": 211,
      "6": 211,
      "7": 211,
      "8": 211,
      "9": 211,
      "10": 207,
      "11": 207,
      "12": 207,
      "13": 207,
      "14": 5,
      "15": 202,
      "16": 202,
      "17": 6,
      "18": 6,
      "19": 6,
      "20": 2952,
      "21": 0,
      "22": 2952,
      "23": 208,
      "24": 138,
      "25": 1,
      "26": 2952
    },
    "f": {
      "0": 2953,
      "1": 211,
      "2": 207,
      "3": 0,
      "4": 208,
      "5": 138,
      "6": 1
    },
    "b": {
      "0": [
        117
      ],
      "1": [
        117
      ],
      "2": [
        117
      ],
      "3": [
        5,
        202
      ]
    },
    "_coverageSchema": "1a1c01bbd47fc00a2c39e90264f33305004495a9",
    "hash": "bf938e1a1fba2173fe071e2be7ef761cf077fa6f"
  },
  "C:\\Users\\akiku\\OneDrive\\Työpöytä\\VisualCode\\studentin\\studentin-client\\src\\components\\FetchUsers.js": {
    "path": "C:\\Users\\akiku\\OneDrive\\Työpöytä\\VisualCode\\studentin\\studentin-client\\src\\components\\FetchUsers.js",
    "statementMap": {
      "0": {
        "start": {
          "line": 7,
          "column": 19
        },
        "end": {
          "line": 117,
          "column": 1
        }
      },
      "1": {
        "start": {
          "line": 8,
          "column": 26
        },
        "end": {
          "line": 8,
          "column": 41
        }
      },
      "2": {
        "start": {
          "line": 9,
          "column": 22
        },
        "end": {
          "line": 9,
          "column": 45
        }
      },
      "3": {
        "start": {
          "line": 10,
          "column": 40
        },
        "end": {
          "line": 10,
          "column": 51
        }
      },
      "4": {
        "start": {
          "line": 11,
          "column": 34
        },
        "end": {
          "line": 11,
          "column": 48
        }
      },
      "5": {
        "start": {
          "line": 12,
          "column": 28
        },
        "end": {
          "line": 12,
          "column": 42
        }
      },
      "6": {
        "start": {
          "line": 13,
          "column": 26
        },
        "end": {
          "line": 13,
          "column": 38
        }
      },
      "7": {
        "start": {
          "line": 14,
          "column": 33
        },
        "end": {
          "line": 14,
          "column": 44
        }
      },
      "8": {
        "start": {
          "line": 15,
          "column": 38
        },
        "end": {
          "line": 15,
          "column": 53
        }
      },
      "9": {
        "start": {
          "line": 16,
          "column": 2
        },
        "end": {
          "line": 26,
          "column": 20
        }
      },
      "10": {
        "start": {
          "line": 17,
          "column": 23
        },
        "end": {
          "line": 24,
          "column": 5
        }
      },
      "11": {
        "start": {
          "line": 18,
          "column": 6
        },
        "end": {
          "line": 23,
          "column": 22
        }
      },
      "12": {
        "start": {
          "line": 19,
          "column": 22
        },
        "end": {
          "line": 21,
          "column": 9
        }
      },
      "13": {
        "start": {
          "line": 22,
          "column": 8
        },
        "end": {
          "line": 22,
          "column": 27
        }
      },
      "14": {
        "start": {
          "line": 25,
          "column": 4
        },
        "end": {
          "line": 25,
          "column": 17
        }
      },
      "15": {
        "start": {
          "line": 28,
          "column": 4
        },
        "end": {
          "line": 28,
          "column": 26
        }
      },
      "16": {
        "start": {
          "line": 29,
          "column": 4
        },
        "end": {
          "line": 29,
          "column": 24
        }
      },
      "17": {
        "start": {
          "line": 31,
          "column": 21
        },
        "end": {
          "line": 92,
          "column": 3
        }
      },
      "18": {
        "start": {
          "line": 32,
          "column": 4
        },
        "end": {
          "line": 32,
          "column": 30
        }
      },
      "19": {
        "start": {
          "line": 33,
          "column": 4
        },
        "end": {
          "line": 80,
          "column": 5
        }
      },
      "20": {
        "start": {
          "line": 34,
          "column": 23
        },
        "end": {
          "line": 43,
          "column": 7
        }
      },
      "21": {
        "start": {
          "line": 44,
          "column": 6
        },
        "end": {
          "line": 77,
          "column": 7
        }
      },
      "22": {
        "start": {
          "line": 45,
          "column": 8
        },
        "end": {
          "line": 76,
          "column": 26
        }
      },
      "23": {
        "start": {
          "line": 46,
          "column": 27
        },
        "end": {
          "line": 55,
          "column": 11
        }
      },
      "24": {
        "start": {
          "line": 56,
          "column": 10
        },
        "end": {
          "line": 75,
          "column": 11
        }
      },
      "25": {
        "start": {
          "line": 57,
          "column": 12
        },
        "end": {
          "line": 74,
          "column": 13
        }
      },
      "26": {
        "start": {
          "line": 58,
          "column": 31
        },
        "end": {
          "line": 67,
          "column": 15
        }
      },
      "27": {
        "start": {
          "line": 68,
          "column": 14
        },
        "end": {
          "line": 71,
          "column": 15
        }
      },
      "28": {
        "start": {
          "line": 69,
          "column": 16
        },
        "end": {
          "line": 69,
          "column": 53
        }
      },
      "29": {
        "start": {
          "line": 70,
          "column": 16
        },
        "end": {
          "line": 70,
          "column": 37
        }
      },
      "30": {
        "start": {
          "line": 73,
          "column": 14
        },
        "end": {
          "line": 73,
          "column": 39
        }
      },
      "31": {
        "start": {
          "line": 79,
          "column": 6
        },
        "end": {
          "line": 79,
          "column": 33
        }
      },
      "32": {
        "start": {
          "line": 82,
          "column": 23
        },
        "end": {
          "line": 89,
          "column": 5
        }
      },
      "33": {
        "start": {
          "line": 83,
          "column": 6
        },
        "end": {
          "line": 88,
          "column": 22
        }
      },
      "34": {
        "start": {
          "line": 84,
          "column": 22
        },
        "end": {
          "line": 86,
          "column": 9
        }
      },
      "35": {
        "start": {
          "line": 87,
          "column": 8
        },
        "end": {
          "line": 87,
          "column": 21
        }
      },
      "36": {
        "start": {
          "line": 90,
          "column": 20
        },
        "end": {
          "line": 90,
          "column": 38
        }
      },
      "37": {
        "start": {
          "line": 91,
          "column": 4
        },
        "end": {
          "line": 91,
          "column": 25
        }
      },
      "38": {
        "start": {
          "line": 94,
          "column": 20
        },
        "end": {
          "line": 96,
          "column": 3
        }
      },
      "39": {
        "start": {
          "line": 95,
          "column": 4
        },
        "end": {
          "line": 95,
          "column": 21
        }
      },
      "40": {
        "start": {
          "line": 97,
          "column": 22
        },
        "end": {
          "line": 99,
          "column": 3
        }
      },
      "41": {
        "start": {
          "line": 98,
          "column": 4
        },
        "end": {
          "line": 98,
          "column": 25
        }
      },
      "42": {
        "start": {
          "line": 100,
          "column": 2
        },
        "end": {
          "line": 116,
          "column": 4
        }
      },
      "43": {
        "start": {
          "line": 118,
          "column": 18
        },
        "end": {
          "line": 184,
          "column": 1
        }
      },
      "44": {
        "start": {
          "line": 119,
          "column": 2
        },
        "end": {
          "line": 121,
          "column": 3
        }
      },
      "45": {
        "start": {
          "line": 120,
          "column": 4
        },
        "end": {
          "line": 120,
          "column": 34
        }
      },
      "46": {
        "start": {
          "line": 123,
          "column": 2
        },
        "end": {
          "line": 183,
          "column": 4
        }
      },
      "47": {
        "start": {
          "line": 133,
          "column": 14
        },
        "end": {
          "line": 133,
          "column": 34
        }
      },
      "48": {
        "start": {
          "line": 142,
          "column": 14
        },
        "end": {
          "line": 142,
          "column": 53
        }
      },
      "49": {
        "start": {
          "line": 159,
          "column": 12
        },
        "end": {
          "line": 178,
          "column": 14
        }
      },
      "50": {
        "start": {
          "line": 170,
          "column": 24
        },
        "end": {
          "line": 170,
          "column": 62
        }
      }
    },
    "fnMap": {
      "0": {
        "name": "(anonymous_0)",
        "decl": {
          "start": {
            "line": 7,
            "column": 19
          },
          "end": {
            "line": 7,
            "column": 20
          }
        },
        "loc": {
          "start": {
            "line": 7,
            "column": 25
          },
          "end": {
            "line": 117,
            "column": 1
          }
        },
        "line": 7
      },
      "1": {
        "name": "(anonymous_1)",
        "decl": {
          "start": {
            "line": 16,
            "column": 12
          },
          "end": {
            "line": 16,
            "column": 13
          }
        },
        "loc": {
          "start": {
            "line": 16,
            "column": 18
          },
          "end": {
            "line": 26,
            "column": 3
          }
        },
        "line": 16
      },
      "2": {
        "name": "(anonymous_2)",
        "decl": {
          "start": {
            "line": 17,
            "column": 23
          },
          "end": {
            "line": 17,
            "column": 24
          }
        },
        "loc": {
          "start": {
            "line": 17,
            "column": 35
          },
          "end": {
            "line": 24,
            "column": 5
          }
        },
        "line": 17
      },
      "3": {
        "name": "clickAlert",
        "decl": {
          "start": {
            "line": 27,
            "column": 11
          },
          "end": {
            "line": 27,
            "column": 21
          }
        },
        "loc": {
          "start": {
            "line": 27,
            "column": 40
          },
          "end": {
            "line": 30,
            "column": 3
          }
        },
        "line": 27
      },
      "4": {
        "name": "(anonymous_4)",
        "decl": {
          "start": {
            "line": 31,
            "column": 21
          },
          "end": {
            "line": 31,
            "column": 22
          }
        },
        "loc": {
          "start": {
            "line": 31,
            "column": 35
          },
          "end": {
            "line": 92,
            "column": 3
          }
        },
        "line": 31
      },
      "5": {
        "name": "(anonymous_5)",
        "decl": {
          "start": {
            "line": 82,
            "column": 23
          },
          "end": {
            "line": 82,
            "column": 24
          }
        },
        "loc": {
          "start": {
            "line": 82,
            "column": 35
          },
          "end": {
            "line": 89,
            "column": 5
          }
        },
        "line": 82
      },
      "6": {
        "name": "(anonymous_6)",
        "decl": {
          "start": {
            "line": 94,
            "column": 20
          },
          "end": {
            "line": 94,
            "column": 21
          }
        },
        "loc": {
          "start": {
            "line": 94,
            "column": 30
          },
          "end": {
            "line": 96,
            "column": 3
          }
        },
        "line": 94
      },
      "7": {
        "name": "(anonymous_7)",
        "decl": {
          "start": {
            "line": 97,
            "column": 22
          },
          "end": {
            "line": 97,
            "column": 23
          }
        },
        "loc": {
          "start": {
            "line": 97,
            "column": 32
          },
          "end": {
            "line": 99,
            "column": 3
          }
        },
        "line": 97
      },
      "8": {
        "name": "(anonymous_8)",
        "decl": {
          "start": {
            "line": 118,
            "column": 18
          },
          "end": {
            "line": 118,
            "column": 19
          }
        },
        "loc": {
          "start": {
            "line": 118,
            "column": 29
          },
          "end": {
            "line": 184,
            "column": 1
          }
        },
        "line": 118
      },
      "9": {
        "name": "(anonymous_9)",
        "decl": {
          "start": {
            "line": 132,
            "column": 21
          },
          "end": {
            "line": 132,
            "column": 22
          }
        },
        "loc": {
          "start": {
            "line": 132,
            "column": 38
          },
          "end": {
            "line": 134,
            "column": 13
          }
        },
        "line": 132
      },
      "10": {
        "name": "(anonymous_10)",
        "decl": {
          "start": {
            "line": 141,
            "column": 21
          },
          "end": {
            "line": 141,
            "column": 22
          }
        },
        "loc": {
          "start": {
            "line": 141,
            "column": 38
          },
          "end": {
            "line": 143,
            "column": 13
          }
        },
        "line": 141
      },
      "11": {
        "name": "(anonymous_11)",
        "decl": {
          "start": {
            "line": 158,
            "column": 32
          },
          "end": {
            "line": 158,
            "column": 33
          }
        },
        "loc": {
          "start": {
            "line": 158,
            "column": 58
          },
          "end": {
            "line": 179,
            "column": 11
          }
        },
        "line": 158
      },
      "12": {
        "name": "(anonymous_12)",
        "decl": {
          "start": {
            "line": 169,
            "column": 31
          },
          "end": {
            "line": 169,
            "column": 32
          }
        },
        "loc": {
          "start": {
            "line": 169,
            "column": 48
          },
          "end": {
            "line": 171,
            "column": 23
          }
        },
        "line": 169
      }
    },
    "branchMap": {
      "0": {
        "loc": {
          "start": {
            "line": 44,
            "column": 6
          },
          "end": {
            "line": 77,
            "column": 7
          }
        },
        "type": "if",
        "locations": [
          {
            "start": {
              "line": 44,
              "column": 6
            },
            "end": {
              "line": 77,
              "column": 7
            }
          },
          {
            "start": {
              "line": 44,
              "column": 6
            },
            "end": {
              "line": 77,
              "column": 7
            }
          }
        ],
        "line": 44
      },
      "1": {
        "loc": {
          "start": {
            "line": 44,
            "column": 10
          },
          "end": {
            "line": 44,
            "column": 38
          }
        },
        "type": "binary-expr",
        "locations": [
          {
            "start": {
              "line": 44,
              "column": 10
            },
            "end": {
              "line": 44,
              "column": 18
            }
          },
          {
            "start": {
              "line": 44,
              "column": 22
            },
            "end": {
              "line": 44,
              "column": 38
            }
          }
        ],
        "line": 44
      },
      "2": {
        "loc": {
          "start": {
            "line": 56,
            "column": 10
          },
          "end": {
            "line": 75,
            "column": 11
          }
        },
        "type": "if",
        "locations": [
          {
            "start": {
              "line": 56,
              "column": 10
            },
            "end": {
              "line": 75,
              "column": 11
            }
          },
          {
            "start": {
              "line": 56,
              "column": 10
            },
            "end": {
              "line": 75,
              "column": 11
            }
          }
        ],
        "line": 56
      },
      "3": {
        "loc": {
          "start": {
            "line": 56,
            "column": 14
          },
          "end": {
            "line": 56,
            "column": 42
          }
        },
        "type": "binary-expr",
        "locations": [
          {
            "start": {
              "line": 56,
              "column": 14
            },
            "end": {
              "line": 56,
              "column": 22
            }
          },
          {
            "start": {
              "line": 56,
              "column": 26
            },
            "end": {
              "line": 56,
              "column": 42
            }
          }
        ],
        "line": 56
      },
      "4": {
        "loc": {
          "start": {
            "line": 68,
            "column": 14
          },
          "end": {
            "line": 71,
            "column": 15
          }
        },
        "type": "if",
        "locations": [
          {
            "start": {
              "line": 68,
              "column": 14
            },
            "end": {
              "line": 71,
              "column": 15
            }
          },
          {
            "start": {
              "line": 68,
              "column": 14
            },
            "end": {
              "line": 71,
              "column": 15
            }
          }
        ],
        "line": 68
      },
      "5": {
        "loc": {
          "start": {
            "line": 68,
            "column": 18
          },
          "end": {
            "line": 68,
            "column": 46
          }
        },
        "type": "binary-expr",
        "locations": [
          {
            "start": {
              "line": 68,
              "column": 18
            },
            "end": {
              "line": 68,
              "column": 26
            }
          },
          {
            "start": {
              "line": 68,
              "column": 30
            },
            "end": {
              "line": 68,
              "column": 46
            }
          }
        ],
        "line": 68
      },
      "6": {
        "loc": {
          "start": {
            "line": 102,
            "column": 22
          },
          "end": {
            "line": 102,
            "column": 45
          }
        },
        "type": "binary-expr",
        "locations": [
          {
            "start": {
              "line": 102,
              "column": 22
            },
            "end": {
              "line": 102,
              "column": 27
            }
          },
          {
            "start": {
              "line": 102,
              "column": 31
            },
            "end": {
              "line": 102,
              "column": 45
            }
          }
        ],
        "line": 102
      },
      "7": {
        "loc": {
          "start": {
            "line": 103,
            "column": 7
          },
          "end": {
            "line": 103,
            "column": 39
          }
        },
        "type": "binary-expr",
        "locations": [
          {
            "start": {
              "line": 103,
              "column": 7
            },
            "end": {
              "line": 103,
              "column": 11
            }
          },
          {
            "start": {
              "line": 103,
              "column": 15
            },
            "end": {
              "line": 103,
              "column": 39
            }
          }
        ],
        "line": 103
      },
      "8": {
        "loc": {
          "start": {
            "line": 104,
            "column": 7
          },
          "end": {
            "line": 114,
            "column": 7
          }
        },
        "type": "binary-expr",
        "locations": [
          {
            "start": {
              "line": 104,
              "column": 7
            },
            "end": {
              "line": 104,
              "column": 15
            }
          },
          {
            "start": {
              "line": 105,
              "column": 8
            },
            "end": {
              "line": 113,
              "column": 10
            }
          }
        ],
        "line": 104
      },
      "9": {
        "loc": {
          "start": {
            "line": 119,
            "column": 2
          },
          "end": {
            "line": 121,
            "column": 3
          }
        },
        "type": "if",
        "locations": [
          {
            "start": {
              "line": 119,
              "column": 2
            },
            "end": {
              "line": 121,
              "column": 3
            }
          },
          {
            "start": {
              "line": 119,
              "column": 2
            },
            "end": {
              "line": 121,
              "column": 3
            }
          }
        ],
        "line": 119
      },
      "10": {
        "loc": {
          "start": {
            "line": 125,
            "column": 7
          },
          "end": {
            "line": 148,
            "column": 7
          }
        },
        "type": "binary-expr",
        "locations": [
          {
            "start": {
              "line": 125,
              "column": 7
            },
            "end": {
              "line": 125,
              "column": 23
            }
          },
          {
            "start": {
              "line": 126,
              "column": 8
            },
            "end": {
              "line": 147,
              "column": 11
            }
          }
        ],
        "line": 125
      },
      "11": {
        "loc": {
          "start": {
            "line": 166,
            "column": 19
          },
          "end": {
            "line": 175,
            "column": 19
          }
        },
        "type": "binary-expr",
        "locations": [
          {
            "start": {
              "line": 166,
              "column": 19
            },
            "end": {
              "line": 166,
              "column": 44
            }
          },
          {
            "start": {
              "line": 167,
              "column": 20
            },
            "end": {
              "line": 174,
              "column": 29
            }
          }
        ],
        "line": 166
      }
    },
    "s": {
      "0": 20,
      "1": 332,
      "2": 332,
      "3": 332,
      "4": 332,
      "5": 332,
      "6": 332,
      "7": 332,
      "8": 332,
      "9": 332,
      "10": 15,
      "11": 15,
      "12": 15,
      "13": 14,
      "14": 15,
      "15": 9,
      "16": 9,
      "17": 332,
      "18": 9,
      "19": 9,
      "20": 9,
      "21": 9,
      "22": 9,
      "23": 9,
      "24": 9,
      "25": 9,
      "26": 9,
      "27": 9,
      "28": 9,
      "29": 9,
      "30": 0,
      "31": 0,
      "32": 9,
      "33": 9,
      "34": 9,
      "35": 9,
      "36": 9,
      "37": 9,
      "38": 332,
      "39": 9,
      "40": 332,
      "41": 0,
      "42": 332,
      "43": 20,
      "44": 244,
      "45": 0,
      "46": 244,
      "47": 0,
      "48": 9,
      "49": 950,
      "50": 9
    },
    "f": {
      "0": 332,
      "1": 15,
      "2": 15,
      "3": 9,
      "4": 9,
      "5": 9,
      "6": 9,
      "7": 0,
      "8": 244,
      "9": 0,
      "10": 9,
      "11": 950,
      "12": 9
    },
    "b": {
      "0": [
        9,
        0
      ],
      "1": [
        9,
        9
      ],
      "2": [
        9,
        0
      ],
      "3": [
        9,
        9
      ],
      "4": [
        9,
        0
      ],
      "5": [
        9,
        9
      ],
      "6": [
        332,
        0
      ],
      "7": [
        332,
        90
      ],
      "8": [
        332,
        244
      ],
      "9": [
        0,
        244
      ],
      "10": [
        244,
        144
      ],
      "11": [
        950,
        706
      ]
    },
    "_coverageSchema": "1a1c01bbd47fc00a2c39e90264f33305004495a9",
    "hash": "58ee6f11dd5e341ac542d6d2514844570575b265"
  },
  "C:\\Users\\akiku\\OneDrive\\Työpöytä\\VisualCode\\studentin\\studentin-client\\src\\components\\EditableField.js": {
    "path": "C:\\Users\\akiku\\OneDrive\\Työpöytä\\VisualCode\\studentin\\studentin-client\\src\\components\\EditableField.js",
    "statementMap": {
      "0": {
        "start": {
          "line": 8,
          "column": 26
        },
        "end": {
          "line": 8,
          "column": 41
        }
      },
      "1": {
        "start": {
          "line": 9,
          "column": 23
        },
        "end": {
          "line": 9,
          "column": 63
        }
      },
      "2": {
        "start": {
          "line": 10,
          "column": 24
        },
        "end": {
          "line": 10,
          "column": 42
        }
      },
      "3": {
        "start": {
          "line": 11,
          "column": 24
        },
        "end": {
          "line": 11,
          "column": 43
        }
      },
      "4": {
        "start": {
          "line": 12,
          "column": 32
        },
        "end": {
          "line": 12,
          "column": 47
        }
      },
      "5": {
        "start": {
          "line": 13,
          "column": 26
        },
        "end": {
          "line": 13,
          "column": 48
        }
      },
      "6": {
        "start": {
          "line": 14,
          "column": 28
        },
        "end": {
          "line": 14,
          "column": 40
        }
      },
      "7": {
        "start": {
          "line": 15,
          "column": 32
        },
        "end": {
          "line": 15,
          "column": 54
        }
      },
      "8": {
        "start": {
          "line": 16,
          "column": 32
        },
        "end": {
          "line": 16,
          "column": 55
        }
      },
      "9": {
        "start": {
          "line": 17,
          "column": 36
        },
        "end": {
          "line": 17,
          "column": 48
        }
      },
      "10": {
        "start": {
          "line": 19,
          "column": 4
        },
        "end": {
          "line": 19,
          "column": 35
        }
      },
      "11": {
        "start": {
          "line": 22,
          "column": 4
        },
        "end": {
          "line": 28,
          "column": 5
        }
      },
      "12": {
        "start": {
          "line": 23,
          "column": 6
        },
        "end": {
          "line": 27,
          "column": 7
        }
      },
      "13": {
        "start": {
          "line": 24,
          "column": 8
        },
        "end": {
          "line": 24,
          "column": 25
        }
      },
      "14": {
        "start": {
          "line": 25,
          "column": 13
        },
        "end": {
          "line": 27,
          "column": 7
        }
      },
      "15": {
        "start": {
          "line": 26,
          "column": 8
        },
        "end": {
          "line": 26,
          "column": 28
        }
      },
      "16": {
        "start": {
          "line": 29,
          "column": 4
        },
        "end": {
          "line": 29,
          "column": 25
        }
      },
      "17": {
        "start": {
          "line": 31,
          "column": 25
        },
        "end": {
          "line": 64,
          "column": 3
        }
      },
      "18": {
        "start": {
          "line": 32,
          "column": 4
        },
        "end": {
          "line": 32,
          "column": 21
        }
      },
      "19": {
        "start": {
          "line": 33,
          "column": 4
        },
        "end": {
          "line": 33,
          "column": 17
        }
      },
      "20": {
        "start": {
          "line": 34,
          "column": 4
        },
        "end": {
          "line": 63,
          "column": 5
        }
      },
      "21": {
        "start": {
          "line": 35,
          "column": 23
        },
        "end": {
          "line": 39,
          "column": 8
        }
      },
      "22": {
        "start": {
          "line": 41,
          "column": 23
        },
        "end": {
          "line": 48,
          "column": 7
        }
      },
      "23": {
        "start": {
          "line": 50,
          "column": 6
        },
        "end": {
          "line": 60,
          "column": 7
        }
      },
      "24": {
        "start": {
          "line": 55,
          "column": 8
        },
        "end": {
          "line": 55,
          "column": 39
        }
      },
      "25": {
        "start": {
          "line": 57,
          "column": 8
        },
        "end": {
          "line": 57,
          "column": 25
        }
      },
      "26": {
        "start": {
          "line": 58,
          "column": 13
        },
        "end": {
          "line": 60,
          "column": 7
        }
      },
      "27": {
        "start": {
          "line": 59,
          "column": 8
        },
        "end": {
          "line": 59,
          "column": 33
        }
      },
      "28": {
        "start": {
          "line": 62,
          "column": 6
        },
        "end": {
          "line": 62,
          "column": 35
        }
      },
      "29": {
        "start": {
          "line": 65,
          "column": 28
        },
        "end": {
          "line": 98,
          "column": 3
        }
      },
      "30": {
        "start": {
          "line": 66,
          "column": 4
        },
        "end": {
          "line": 66,
          "column": 21
        }
      },
      "31": {
        "start": {
          "line": 67,
          "column": 4
        },
        "end": {
          "line": 67,
          "column": 17
        }
      },
      "32": {
        "start": {
          "line": 68,
          "column": 4
        },
        "end": {
          "line": 97,
          "column": 5
        }
      },
      "33": {
        "start": {
          "line": 69,
          "column": 23
        },
        "end": {
          "line": 73,
          "column": 8
        }
      },
      "34": {
        "start": {
          "line": 75,
          "column": 23
        },
        "end": {
          "line": 82,
          "column": 7
        }
      },
      "35": {
        "start": {
          "line": 84,
          "column": 6
        },
        "end": {
          "line": 94,
          "column": 7
        }
      },
      "36": {
        "start": {
          "line": 89,
          "column": 8
        },
        "end": {
          "line": 89,
          "column": 39
        }
      },
      "37": {
        "start": {
          "line": 91,
          "column": 8
        },
        "end": {
          "line": 91,
          "column": 25
        }
      },
      "38": {
        "start": {
          "line": 92,
          "column": 13
        },
        "end": {
          "line": 94,
          "column": 7
        }
      },
      "39": {
        "start": {
          "line": 93,
          "column": 8
        },
        "end": {
          "line": 93,
          "column": 33
        }
      },
      "40": {
        "start": {
          "line": 96,
          "column": 6
        },
        "end": {
          "line": 96,
          "column": 35
        }
      },
      "41": {
        "start": {
          "line": 99,
          "column": 2
        },
        "end": {
          "line": 138,
          "column": 4
        }
      }
    },
    "fnMap": {
      "0": {
        "name": "EditableField",
        "decl": {
          "start": {
            "line": 7,
            "column": 9
          },
          "end": {
            "line": 7,
            "column": 22
          }
        },
        "loc": {
          "start": {
            "line": 7,
            "column": 30
          },
          "end": {
            "line": 139,
            "column": 1
          }
        },
        "line": 7
      },
      "1": {
        "name": "textChanged",
        "decl": {
          "start": {
            "line": 18,
            "column": 11
          },
          "end": {
            "line": 18,
            "column": 22
          }
        },
        "loc": {
          "start": {
            "line": 18,
            "column": 30
          },
          "end": {
            "line": 20,
            "column": 3
          }
        },
        "line": 18
      },
      "2": {
        "name": "toggeEditing",
        "decl": {
          "start": {
            "line": 21,
            "column": 11
          },
          "end": {
            "line": 21,
            "column": 23
          }
        },
        "loc": {
          "start": {
            "line": 21,
            "column": 26
          },
          "end": {
            "line": 30,
            "column": 3
          }
        },
        "line": 21
      },
      "3": {
        "name": "(anonymous_3)",
        "decl": {
          "start": {
            "line": 31,
            "column": 25
          },
          "end": {
            "line": 31,
            "column": 26
          }
        },
        "loc": {
          "start": {
            "line": 31,
            "column": 37
          },
          "end": {
            "line": 64,
            "column": 3
          }
        },
        "line": 31
      },
      "4": {
        "name": "(anonymous_4)",
        "decl": {
          "start": {
            "line": 65,
            "column": 28
          },
          "end": {
            "line": 65,
            "column": 29
          }
        },
        "loc": {
          "start": {
            "line": 65,
            "column": 40
          },
          "end": {
            "line": 98,
            "column": 3
          }
        },
        "line": 65
      }
    },
    "branchMap": {
      "0": {
        "loc": {
          "start": {
            "line": 9,
            "column": 23
          },
          "end": {
            "line": 9,
            "column": 63
          }
        },
        "type": "cond-expr",
        "locations": [
          {
            "start": {
              "line": 9,
              "column": 45
            },
            "end": {
              "line": 9,
              "column": 50
            }
          },
          {
            "start": {
              "line": 9,
              "column": 53
            },
            "end": {
              "line": 9,
              "column": 63
            }
          }
        ],
        "line": 9
      },
      "1": {
        "loc": {
          "start": {
            "line": 22,
            "column": 4
          },
          "end": {
            "line": 28,
            "column": 5
          }
        },
        "type": "if",
        "locations": [
          {
            "start": {
              "line": 22,
              "column": 4
            },
            "end": {
              "line": 28,
              "column": 5
            }
          },
          {
            "start": {
              "line": 22,
              "column": 4
            },
            "end": {
              "line": 28,
              "column": 5
            }
          }
        ],
        "line": 22
      },
      "2": {
        "loc": {
          "start": {
            "line": 23,
            "column": 6
          },
          "end": {
            "line": 27,
            "column": 7
          }
        },
        "type": "if",
        "locations": [
          {
            "start": {
              "line": 23,
              "column": 6
            },
            "end": {
              "line": 27,
              "column": 7
            }
          },
          {
            "start": {
              "line": 23,
              "column": 6
            },
            "end": {
              "line": 27,
              "column": 7
            }
          }
        ],
        "line": 23
      },
      "3": {
        "loc": {
          "start": {
            "line": 23,
            "column": 10
          },
          "end": {
            "line": 23,
            "column": 56
          }
        },
        "type": "binary-expr",
        "locations": [
          {
            "start": {
              "line": 23,
              "column": 10
            },
            "end": {
              "line": 23,
              "column": 26
            }
          },
          {
            "start": {
              "line": 23,
              "column": 30
            },
            "end": {
              "line": 23,
              "column": 56
            }
          }
        ],
        "line": 23
      },
      "4": {
        "loc": {
          "start": {
            "line": 25,
            "column": 13
          },
          "end": {
            "line": 27,
            "column": 7
          }
        },
        "type": "if",
        "locations": [
          {
            "start": {
              "line": 25,
              "column": 13
            },
            "end": {
              "line": 27,
              "column": 7
            }
          },
          {
            "start": {
              "line": 25,
              "column": 13
            },
            "end": {
              "line": 27,
              "column": 7
            }
          }
        ],
        "line": 25
      },
      "5": {
        "loc": {
          "start": {
            "line": 25,
            "column": 17
          },
          "end": {
            "line": 25,
            "column": 44
          }
        },
        "type": "binary-expr",
        "locations": [
          {
            "start": {
              "line": 25,
              "column": 17
            },
            "end": {
              "line": 25,
              "column": 33
            }
          },
          {
            "start": {
              "line": 25,
              "column": 37
            },
            "end": {
              "line": 25,
              "column": 44
            }
          }
        ],
        "line": 25
      },
      "6": {
        "loc": {
          "start": {
            "line": 50,
            "column": 6
          },
          "end": {
            "line": 60,
            "column": 7
          }
        },
        "type": "if",
        "locations": [
          {
            "start": {
              "line": 50,
              "column": 6
            },
            "end": {
              "line": 60,
              "column": 7
            }
          },
          {
            "start": {
              "line": 50,
              "column": 6
            },
            "end": {
              "line": 60,
              "column": 7
            }
          }
        ],
        "line": 50
      },
      "7": {
        "loc": {
          "start": {
            "line": 51,
            "column": 8
          },
          "end": {
            "line": 53,
            "column": 35
          }
        },
        "type": "binary-expr",
        "locations": [
          {
            "start": {
              "line": 51,
              "column": 8
            },
            "end": {
              "line": 51,
              "column": 33
            }
          },
          {
            "start": {
              "line": 52,
              "column": 8
            },
            "end": {
              "line": 52,
              "column": 38
            }
          },
          {
            "start": {
              "line": 53,
              "column": 8
            },
            "end": {
              "line": 53,
              "column": 35
            }
          }
        ],
        "line": 51
      },
      "8": {
        "loc": {
          "start": {
            "line": 58,
            "column": 13
          },
          "end": {
            "line": 60,
            "column": 7
          }
        },
        "type": "if",
        "locations": [
          {
            "start": {
              "line": 58,
              "column": 13
            },
            "end": {
              "line": 60,
              "column": 7
            }
          },
          {
            "start": {
              "line": 58,
              "column": 13
            },
            "end": {
              "line": 60,
              "column": 7
            }
          }
        ],
        "line": 58
      },
      "9": {
        "loc": {
          "start": {
            "line": 58,
            "column": 17
          },
          "end": {
            "line": 58,
            "column": 69
          }
        },
        "type": "binary-expr",
        "locations": [
          {
            "start": {
              "line": 58,
              "column": 17
            },
            "end": {
              "line": 58,
              "column": 40
            }
          },
          {
            "start": {
              "line": 58,
              "column": 44
            },
            "end": {
              "line": 58,
              "column": 69
            }
          }
        ],
        "line": 58
      },
      "10": {
        "loc": {
          "start": {
            "line": 84,
            "column": 6
          },
          "end": {
            "line": 94,
            "column": 7
          }
        },
        "type": "if",
        "locations": [
          {
            "start": {
              "line": 84,
              "column": 6
            },
            "end": {
              "line": 94,
              "column": 7
            }
          },
          {
            "start": {
              "line": 84,
              "column": 6
            },
            "end": {
              "line": 94,
              "column": 7
            }
          }
        ],
        "line": 84
      },
      "11": {
        "loc": {
          "start": {
            "line": 85,
            "column": 8
          },
          "end": {
            "line": 87,
            "column": 35
          }
        },
        "type": "binary-expr",
        "locations": [
          {
            "start": {
              "line": 85,
              "column": 8
            },
            "end": {
              "line": 85,
              "column": 33
            }
          },
          {
            "start": {
              "line": 86,
              "column": 8
            },
            "end": {
              "line": 86,
              "column": 38
            }
          },
          {
            "start": {
              "line": 87,
              "column": 8
            },
            "end": {
              "line": 87,
              "column": 35
            }
          }
        ],
        "line": 85
      },
      "12": {
        "loc": {
          "start": {
            "line": 92,
            "column": 13
          },
          "end": {
            "line": 94,
            "column": 7
          }
        },
        "type": "if",
        "locations": [
          {
            "start": {
              "line": 92,
              "column": 13
            },
            "end": {
              "line": 94,
              "column": 7
            }
          },
          {
            "start": {
              "line": 92,
              "column": 13
            },
            "end": {
              "line": 94,
              "column": 7
            }
          }
        ],
        "line": 92
      },
      "13": {
        "loc": {
          "start": {
            "line": 92,
            "column": 17
          },
          "end": {
            "line": 92,
            "column": 69
          }
        },
        "type": "binary-expr",
        "locations": [
          {
            "start": {
              "line": 92,
              "column": 17
            },
            "end": {
              "line": 92,
              "column": 40
            }
          },
          {
            "start": {
              "line": 92,
              "column": 44
            },
            "end": {
              "line": 92,
              "column": 69
            }
          }
        ],
        "line": 92
      },
      "14": {
        "loc": {
          "start": {
            "line": 102,
            "column": 7
          },
          "end": {
            "line": 119,
            "column": 7
          }
        },
        "type": "cond-expr",
        "locations": [
          {
            "start": {
              "line": 103,
              "column": 8
            },
            "end": {
              "line": 109,
              "column": 10
            }
          },
          {
            "start": {
              "line": 111,
              "column": 8
            },
            "end": {
              "line": 118,
              "column": 10
            }
          }
        ],
        "line": 102
      },
      "15": {
        "loc": {
          "start": {
            "line": 123,
            "column": 15
          },
          "end": {
            "line": 123,
            "column": 48
          }
        },
        "type": "cond-expr",
        "locations": [
          {
            "start": {
              "line": 123,
              "column": 25
            },
            "end": {
              "line": 123,
              "column": 39
            }
          },
          {
            "start": {
              "line": 123,
              "column": 42
            },
            "end": {
              "line": 123,
              "column": 48
            }
          }
        ],
        "line": 123
      },
      "16": {
        "loc": {
          "start": {
            "line": 128,
            "column": 31
          },
          "end": {
            "line": 128,
            "column": 56
          }
        },
        "type": "cond-expr",
        "locations": [
          {
            "start": {
              "line": 128,
              "column": 41
            },
            "end": {
              "line": 128,
              "column": 48
            }
          },
          {
            "start": {
              "line": 128,
              "column": 51
            },
            "end": {
              "line": 128,
              "column": 56
            }
          }
        ],
        "line": 128
      },
      "17": {
        "loc": {
          "start": {
            "line": 131,
            "column": 7
          },
          "end": {
            "line": 133,
            "column": 7
          }
        },
        "type": "binary-expr",
        "locations": [
          {
            "start": {
              "line": 131,
              "column": 7
            },
            "end": {
              "line": 131,
              "column": 30
            }
          },
          {
            "start": {
              "line": 131,
              "column": 34
            },
            "end": {
              "line": 131,
              "column": 54
            }
          },
          {
            "start": {
              "line": 132,
              "column": 8
            },
            "end": {
              "line": 132,
              "column": 64
            }
          }
        ],
        "line": 131
      },
      "18": {
        "loc": {
          "start": {
            "line": 134,
            "column": 7
          },
          "end": {
            "line": 136,
            "column": 7
          }
        },
        "type": "binary-expr",
        "locations": [
          {
            "start": {
              "line": 134,
              "column": 7
            },
            "end": {
              "line": 134,
              "column": 26
            }
          },
          {
            "start": {
              "line": 134,
              "column": 30
            },
            "end": {
              "line": 134,
              "column": 46
            }
          },
          {
            "start": {
              "line": 135,
              "column": 8
            },
            "end": {
              "line": 135,
              "column": 50
            }
          }
        ],
        "line": 134
      }
    },
    "s": {
      "0": 590,
      "1": 590,
      "2": 590,
      "3": 590,
      "4": 590,
      "5": 590,
      "6": 590,
      "7": 590,
      "8": 590,
      "9": 590,
      "10": 112,
      "11": 32,
      "12": 16,
      "13": 16,
      "14": 0,
      "15": 0,
      "16": 32,
      "17": 590,
      "18": 16,
      "19": 16,
      "20": 16,
      "21": 16,
      "22": 16,
      "23": 16,
      "24": 16,
      "25": 16,
      "26": 0,
      "27": 0,
      "28": 0,
      "29": 590,
      "30": 0,
      "31": 0,
      "32": 0,
      "33": 0,
      "34": 0,
      "35": 0,
      "36": 0,
      "37": 0,
      "38": 0,
      "39": 0,
      "40": 0,
      "41": 590
    },
    "f": {
      "0": 590,
      "1": 112,
      "2": 32,
      "3": 16,
      "4": 0
    },
    "b": {
      "0": [
        546,
        44
      ],
      "1": [
        16,
        16
      ],
      "2": [
        16,
        0
      ],
      "3": [
        16,
        16
      ],
      "4": [
        0,
        0
      ],
      "5": [
        0,
        0
      ],
      "6": [
        16,
        0
      ],
      "7": [
        16,
        16,
        16
      ],
      "8": [
        0,
        0
      ],
      "9": [
        0,
        0
      ],
      "10": [
        0,
        0
      ],
      "11": [
        0,
        0,
        0
      ],
      "12": [
        0,
        0
      ],
      "13": [
        0,
        0
      ],
      "14": [
        70,
        520
      ],
      "15": [
        256,
        334
      ],
      "16": [
        256,
        334
      ],
      "17": [
        590,
        590,
        192
      ],
      "18": [
        590,
        590,
        0
      ]
    },
    "_coverageSchema": "1a1c01bbd47fc00a2c39e90264f33305004495a9",
    "hash": "9acda9c9df2127a2bb7f0ea5a465f67bd1138ef6"
  },
  "C:\\Users\\akiku\\OneDrive\\Työpöytä\\VisualCode\\studentin\\studentin-client\\src\\components\\SvgIcon.js": {
    "path": "C:\\Users\\akiku\\OneDrive\\Työpöytä\\VisualCode\\studentin\\studentin-client\\src\\components\\SvgIcon.js",
    "statementMap": {
      "0": {
        "start": {
          "line": 4,
          "column": 2
        },
        "end": {
          "line": 14,
          "column": 4
        }
      }
    },
    "fnMap": {
      "0": {
        "name": "SvgIcon",
        "decl": {
          "start": {
            "line": 3,
            "column": 9
          },
          "end": {
            "line": 3,
            "column": 16
          }
        },
        "loc": {
          "start": {
            "line": 3,
            "column": 24
          },
          "end": {
            "line": 15,
            "column": 1
          }
        },
        "line": 3
      }
    },
    "branchMap": {},
    "s": {
      "0": 38
    },
    "f": {
      "0": 38
    },
    "b": {},
    "_coverageSchema": "1a1c01bbd47fc00a2c39e90264f33305004495a9",
    "hash": "79fa7f6d4eef81c6105ded6940cf1daa87994abb"
  },
  "C:\\Users\\akiku\\OneDrive\\Työpöytä\\VisualCode\\studentin\\studentin-client\\src\\components\\EditSkills.js": {
    "path": "C:\\Users\\akiku\\OneDrive\\Työpöytä\\VisualCode\\studentin\\studentin-client\\src\\components\\EditSkills.js",
    "statementMap": {
      "0": {
        "start": {
          "line": 9,
          "column": 26
        },
        "end": {
          "line": 9,
          "column": 41
        }
      },
      "1": {
        "start": {
          "line": 10,
          "column": 24
        },
        "end": {
          "line": 10,
          "column": 42
        }
      },
      "2": {
        "start": {
          "line": 11,
          "column": 34
        },
        "end": {
          "line": 11,
          "column": 48
        }
      },
      "3": {
        "start": {
          "line": 12,
          "column": 28
        },
        "end": {
          "line": 12,
          "column": 42
        }
      },
      "4": {
        "start": {
          "line": 13,
          "column": 26
        },
        "end": {
          "line": 13,
          "column": 40
        }
      },
      "5": {
        "start": {
          "line": 14,
          "column": 34
        },
        "end": {
          "line": 14,
          "column": 46
        }
      },
      "6": {
        "start": {
          "line": 15,
          "column": 44
        },
        "end": {
          "line": 15,
          "column": 59
        }
      },
      "7": {
        "start": {
          "line": 18,
          "column": 4
        },
        "end": {
          "line": 22,
          "column": 5
        }
      },
      "8": {
        "start": {
          "line": 19,
          "column": 6
        },
        "end": {
          "line": 19,
          "column": 18
        }
      },
      "9": {
        "start": {
          "line": 21,
          "column": 6
        },
        "end": {
          "line": 21,
          "column": 19
        }
      },
      "10": {
        "start": {
          "line": 25,
          "column": 4
        },
        "end": {
          "line": 25,
          "column": 42
        }
      },
      "11": {
        "start": {
          "line": 28,
          "column": 21
        },
        "end": {
          "line": 54,
          "column": 3
        }
      },
      "12": {
        "start": {
          "line": 29,
          "column": 4
        },
        "end": {
          "line": 43,
          "column": 5
        }
      },
      "13": {
        "start": {
          "line": 30,
          "column": 23
        },
        "end": {
          "line": 40,
          "column": 7
        }
      },
      "14": {
        "start": {
          "line": 42,
          "column": 6
        },
        "end": {
          "line": 42,
          "column": 31
        }
      },
      "15": {
        "start": {
          "line": 44,
          "column": 23
        },
        "end": {
          "line": 51,
          "column": 5
        }
      },
      "16": {
        "start": {
          "line": 45,
          "column": 6
        },
        "end": {
          "line": 50,
          "column": 22
        }
      },
      "17": {
        "start": {
          "line": 46,
          "column": 23
        },
        "end": {
          "line": 48,
          "column": 9
        }
      },
      "18": {
        "start": {
          "line": 49,
          "column": 8
        },
        "end": {
          "line": 49,
          "column": 22
        }
      },
      "19": {
        "start": {
          "line": 52,
          "column": 20
        },
        "end": {
          "line": 52,
          "column": 38
        }
      },
      "20": {
        "start": {
          "line": 53,
          "column": 4
        },
        "end": {
          "line": 53,
          "column": 25
        }
      },
      "21": {
        "start": {
          "line": 55,
          "column": 22
        },
        "end": {
          "line": 63,
          "column": 3
        }
      },
      "22": {
        "start": {
          "line": 56,
          "column": 4
        },
        "end": {
          "line": 56,
          "column": 17
        }
      },
      "23": {
        "start": {
          "line": 57,
          "column": 4
        },
        "end": {
          "line": 57,
          "column": 16
        }
      },
      "24": {
        "start": {
          "line": 58,
          "column": 20
        },
        "end": {
          "line": 60,
          "column": 5
        }
      },
      "25": {
        "start": {
          "line": 61,
          "column": 4
        },
        "end": {
          "line": 61,
          "column": 31
        }
      },
      "26": {
        "start": {
          "line": 62,
          "column": 4
        },
        "end": {
          "line": 62,
          "column": 20
        }
      },
      "27": {
        "start": {
          "line": 65,
          "column": 22
        },
        "end": {
          "line": 142,
          "column": 3
        }
      },
      "28": {
        "start": {
          "line": 67,
          "column": 6
        },
        "end": {
          "line": 93,
          "column": 7
        }
      },
      "29": {
        "start": {
          "line": 69,
          "column": 8
        },
        "end": {
          "line": 78,
          "column": 9
        }
      },
      "30": {
        "start": {
          "line": 70,
          "column": 10
        },
        "end": {
          "line": 73,
          "column": 13
        }
      },
      "31": {
        "start": {
          "line": 75,
          "column": 10
        },
        "end": {
          "line": 77,
          "column": 13
        }
      },
      "32": {
        "start": {
          "line": 80,
          "column": 25
        },
        "end": {
          "line": 87,
          "column": 9
        }
      },
      "33": {
        "start": {
          "line": 88,
          "column": 8
        },
        "end": {
          "line": 90,
          "column": 9
        }
      },
      "34": {
        "start": {
          "line": 89,
          "column": 10
        },
        "end": {
          "line": 89,
          "column": 26
        }
      },
      "35": {
        "start": {
          "line": 92,
          "column": 8
        },
        "end": {
          "line": 92,
          "column": 19
        }
      },
      "36": {
        "start": {
          "line": 96,
          "column": 14
        },
        "end": {
          "line": 96,
          "column": 15
        }
      },
      "37": {
        "start": {
          "line": 97,
          "column": 4
        },
        "end": {
          "line": 116,
          "column": 5
        }
      },
      "38": {
        "start": {
          "line": 98,
          "column": 22
        },
        "end": {
          "line": 100,
          "column": 7
        }
      },
      "39": {
        "start": {
          "line": 101,
          "column": 6
        },
        "end": {
          "line": 113,
          "column": 7
        }
      },
      "40": {
        "start": {
          "line": 102,
          "column": 8
        },
        "end": {
          "line": 102,
          "column": 40
        }
      },
      "41": {
        "start": {
          "line": 103,
          "column": 13
        },
        "end": {
          "line": 113,
          "column": 7
        }
      },
      "42": {
        "start": {
          "line": 106,
          "column": 20
        },
        "end": {
          "line": 106,
          "column": 55
        }
      },
      "43": {
        "start": {
          "line": 108,
          "column": 8
        },
        "end": {
          "line": 112,
          "column": 9
        }
      },
      "44": {
        "start": {
          "line": 109,
          "column": 10
        },
        "end": {
          "line": 109,
          "column": 33
        }
      },
      "45": {
        "start": {
          "line": 111,
          "column": 10
        },
        "end": {
          "line": 111,
          "column": 47
        }
      },
      "46": {
        "start": {
          "line": 115,
          "column": 6
        },
        "end": {
          "line": 115,
          "column": 31
        }
      },
      "47": {
        "start": {
          "line": 119,
          "column": 4
        },
        "end": {
          "line": 141,
          "column": 5
        }
      },
      "48": {
        "start": {
          "line": 120,
          "column": 6
        },
        "end": {
          "line": 140,
          "column": 7
        }
      },
      "49": {
        "start": {
          "line": 121,
          "column": 25
        },
        "end": {
          "line": 124,
          "column": 10
        }
      },
      "50": {
        "start": {
          "line": 126,
          "column": 25
        },
        "end": {
          "line": 133,
          "column": 9
        }
      },
      "51": {
        "start": {
          "line": 134,
          "column": 8
        },
        "end": {
          "line": 137,
          "column": 9
        }
      },
      "52": {
        "start": {
          "line": 135,
          "column": 10
        },
        "end": {
          "line": 135,
          "column": 47
        }
      },
      "53": {
        "start": {
          "line": 136,
          "column": 10
        },
        "end": {
          "line": 136,
          "column": 43
        }
      },
      "54": {
        "start": {
          "line": 139,
          "column": 8
        },
        "end": {
          "line": 139,
          "column": 33
        }
      },
      "55": {
        "start": {
          "line": 143,
          "column": 2
        },
        "end": {
          "line": 157,
          "column": 40
        }
      },
      "56": {
        "start": {
          "line": 144,
          "column": 23
        },
        "end": {
          "line": 155,
          "column": 5
        }
      },
      "57": {
        "start": {
          "line": 145,
          "column": 6
        },
        "end": {
          "line": 154,
          "column": 22
        }
      },
      "58": {
        "start": {
          "line": 146,
          "column": 23
        },
        "end": {
          "line": 148,
          "column": 9
        }
      },
      "59": {
        "start": {
          "line": 149,
          "column": 8
        },
        "end": {
          "line": 153,
          "column": 9
        }
      },
      "60": {
        "start": {
          "line": 150,
          "column": 10
        },
        "end": {
          "line": 150,
          "column": 33
        }
      },
      "61": {
        "start": {
          "line": 152,
          "column": 10
        },
        "end": {
          "line": 152,
          "column": 30
        }
      },
      "62": {
        "start": {
          "line": 156,
          "column": 4
        },
        "end": {
          "line": 156,
          "column": 17
        }
      },
      "63": {
        "start": {
          "line": 158,
          "column": 2
        },
        "end": {
          "line": 186,
          "column": 4
        }
      },
      "64": {
        "start": {
          "line": 173,
          "column": 27
        },
        "end": {
          "line": 173,
          "column": 54
        }
      },
      "65": {
        "start": {
          "line": 188,
          "column": 19
        },
        "end": {
          "line": 225,
          "column": 1
        }
      },
      "66": {
        "start": {
          "line": 189,
          "column": 2
        },
        "end": {
          "line": 191,
          "column": 3
        }
      },
      "67": {
        "start": {
          "line": 190,
          "column": 4
        },
        "end": {
          "line": 190,
          "column": 35
        }
      },
      "68": {
        "start": {
          "line": 193,
          "column": 2
        },
        "end": {
          "line": 224,
          "column": 4
        }
      },
      "69": {
        "start": {
          "line": 196,
          "column": 8
        },
        "end": {
          "line": 221,
          "column": 10
        }
      },
      "70": {
        "start": {
          "line": 211,
          "column": 16
        },
        "end": {
          "line": 215,
          "column": 18
        }
      }
    },
    "fnMap": {
      "0": {
        "name": "EditSkills",
        "decl": {
          "start": {
            "line": 8,
            "column": 9
          },
          "end": {
            "line": 8,
            "column": 19
          }
        },
        "loc": {
          "start": {
            "line": 8,
            "column": 27
          },
          "end": {
            "line": 187,
            "column": 1
          }
        },
        "line": 8
      },
      "1": {
        "name": "skillValidator",
        "decl": {
          "start": {
            "line": 17,
            "column": 11
          },
          "end": {
            "line": 17,
            "column": 25
          }
        },
        "loc": {
          "start": {
            "line": 17,
            "column": 28
          },
          "end": {
            "line": 23,
            "column": 3
          }
        },
        "line": 17
      },
      "2": {
        "name": "clickAlert",
        "decl": {
          "start": {
            "line": 24,
            "column": 11
          },
          "end": {
            "line": 24,
            "column": 21
          }
        },
        "loc": {
          "start": {
            "line": 24,
            "column": 49
          },
          "end": {
            "line": 26,
            "column": 3
          }
        },
        "line": 24
      },
      "3": {
        "name": "(anonymous_3)",
        "decl": {
          "start": {
            "line": 28,
            "column": 21
          },
          "end": {
            "line": 28,
            "column": 22
          }
        },
        "loc": {
          "start": {
            "line": 28,
            "column": 58
          },
          "end": {
            "line": 54,
            "column": 3
          }
        },
        "line": 28
      },
      "4": {
        "name": "(anonymous_4)",
        "decl": {
          "start": {
            "line": 44,
            "column": 23
          },
          "end": {
            "line": 44,
            "column": 24
          }
        },
        "loc": {
          "start": {
            "line": 44,
            "column": 35
          },
          "end": {
            "line": 51,
            "column": 5
          }
        },
        "line": 44
      },
      "5": {
        "name": "(anonymous_5)",
        "decl": {
          "start": {
            "line": 55,
            "column": 22
          },
          "end": {
            "line": 55,
            "column": 23
          }
        },
        "loc": {
          "start": {
            "line": 55,
            "column": 28
          },
          "end": {
            "line": 63,
            "column": 3
          }
        },
        "line": 55
      },
      "6": {
        "name": "(anonymous_6)",
        "decl": {
          "start": {
            "line": 65,
            "column": 22
          },
          "end": {
            "line": 65,
            "column": 23
          }
        },
        "loc": {
          "start": {
            "line": 65,
            "column": 43
          },
          "end": {
            "line": 142,
            "column": 3
          }
        },
[...]
          "line": 20,
          "column": 66
        }
      },
      "2": {
        "start": {
          "line": 21,
          "column": 30
        },
        "end": {
          "line": 21,
          "column": 41
        }
      },
      "3": {
        "start": {
          "line": 23,
          "column": 16
        },
        "end": {
          "line": 40,
          "column": 8
        }
      },
      "4": {
        "start": {
          "line": 25,
          "column": 4
        },
        "end": {
          "line": 25,
          "column": 20
        }
      },
      "5": {
        "start": {
          "line": 26,
          "column": 4
        },
        "end": {
          "line": 26,
          "column": 19
        }
      },
      "6": {
        "start": {
          "line": 30,
          "column": 6
        },
        "end": {
          "line": 30,
          "column": 71
        }
      },
      "7": {
        "start": {
          "line": 31,
          "column": 4
        },
        "end": {
          "line": 31,
          "column": 48
        }
      },
      "8": {
        "start": {
          "line": 32,
          "column": 4
        },
        "end": {
          "line": 39,
          "column": 6
        }
      },
      "9": {
        "start": {
          "line": 42,
          "column": 17
        },
        "end": {
          "line": 48,
          "column": 8
        }
      },
      "10": {
        "start": {
          "line": 44,
          "column": 4
        },
        "end": {
          "line": 44,
          "column": 19
        }
      },
      "11": {
        "start": {
          "line": 45,
          "column": 4
        },
        "end": {
          "line": 45,
          "column": 17
        }
      },
      "12": {
        "start": {
          "line": 46,
          "column": 4
        },
        "end": {
          "line": 46,
          "column": 33
        }
      },
      "13": {
        "start": {
          "line": 47,
          "column": 4
        },
        "end": {
          "line": 47,
          "column": 40
        }
      },
      "14": {
        "start": {
          "line": 49,
          "column": 2
        },
        "end": {
          "line": 57,
          "column": 43
        }
      },
      "15": {
        "start": {
          "line": 50,
          "column": 4
        },
        "end": {
          "line": 56,
          "column": 5
        }
      },
      "16": {
        "start": {
          "line": 52,
          "column": 8
        },
        "end": {
          "line": 52,
          "column": 60
        }
      },
      "17": {
        "start": {
          "line": 53,
          "column": 6
        },
        "end": {
          "line": 53,
          "column": 54
        }
      },
      "18": {
        "start": {
          "line": 55,
          "column": 6
        },
        "end": {
          "line": 55,
          "column": 32
        }
      },
      "19": {
        "start": {
          "line": 58,
          "column": 2
        },
        "end": {
          "line": 71,
          "column": 14
        }
      },
      "20": {
        "start": {
          "line": 59,
          "column": 23
        },
        "end": {
          "line": 59,
          "column": 67
        }
      },
      "21": {
        "start": {
          "line": 60,
          "column": 4
        },
        "end": {
          "line": 70,
          "column": 5
        }
      },
      "22": {
        "start": {
          "line": 65,
          "column": 6
        },
        "end": {
          "line": 69,
          "column": 8
        }
      },
      "23": {
        "start": {
          "line": 74,
          "column": 2
        },
        "end": {
          "line": 102,
          "column": 3
        }
      },
      "24": {
        "start": {
          "line": 75,
          "column": 4
        },
        "end": {
          "line": 94,
          "column": 6
        }
      },
      "25": {
        "start": {
          "line": 87,
          "column": 53
        },
        "end": {
          "line": 87,
          "column": 61
        }
      },
      "26": {
        "start": {
          "line": 96,
          "column": 4
        },
        "end": {
          "line": 101,
          "column": 6
        }
      },
      "27": {
        "start": {
          "line": 104,
          "column": 2
        },
        "end": {
          "line": 132,
          "column": 4
        }
      }
    },
    "fnMap": {
      "0": {
        "name": "App",
        "decl": {
          "start": {
            "line": 18,
            "column": 9
          },
          "end": {
            "line": 18,
            "column": 12
          }
        },
        "loc": {
          "start": {
            "line": 18,
            "column": 15
          },
          "end": {
            "line": 133,
            "column": 1
          }
        },
        "line": 18
      },
      "1": {
        "name": "(anonymous_1)",
        "decl": {
          "start": {
            "line": 23,
            "column": 28
          },
          "end": {
            "line": 23,
            "column": 29
          }
        },
        "loc": {
          "start": {
            "line": 23,
            "column": 79
          },
          "end": {
            "line": 40,
            "column": 3
          }
        },
        "line": 23
      },
      "2": {
        "name": "(anonymous_2)",
        "decl": {
          "start": {
            "line": 42,
            "column": 29
          },
          "end": {
            "line": 42,
            "column": 30
          }
        },
        "loc": {
          "start": {
            "line": 42,
            "column": 35
          },
          "end": {
            "line": 48,
            "column": 3
          }
        },
        "line": 42
      },
      "3": {
        "name": "(anonymous_3)",
        "decl": {
          "start": {
            "line": 49,
            "column": 12
          },
          "end": {
            "line": 49,
            "column": 13
          }
        },
        "loc": {
          "start": {
            "line": 49,
            "column": 18
          },
          "end": {
            "line": 57,
            "column": 3
          }
        },
        "line": 49
      },
      "4": {
        "name": "(anonymous_4)",
        "decl": {
          "start": {
            "line": 58,
            "column": 12
          },
          "end": {
            "line": 58,
            "column": 13
          }
        },
        "loc": {
          "start": {
            "line": 58,
            "column": 18
          },
          "end": {
            "line": 71,
            "column": 3
          }
        },
        "line": 58
      },
      "5": {
        "name": "(anonymous_5)",
        "decl": {
          "start": {
            "line": 87,
            "column": 47
          },
          "end": {
            "line": 87,
            "column": 48
          }
        },
        "loc": {
          "start": {
            "line": 87,
            "column": 53
          },
          "end": {
            "line": 87,
            "column": 61
          }
        },
        "line": 87
      }
    },
    "branchMap": {
      "0": {
        "loc": {
          "start": {
            "line": 30,
            "column": 6
          },
          "end": {
            "line": 30,
            "column": 71
          }
        },
        "type": "binary-expr",
        "locations": [
          {
            "start": {
              "line": 30,
              "column": 6
            },
            "end": {
              "line": 30,
              "column": 20
            }
          },
          {
            "start": {
              "line": 30,
              "column": 24
            },
            "end": {
              "line": 30,
              "column": 71
            }
          }
        ],
        "line": 30
      },
      "1": {
        "loc": {
          "start": {
            "line": 50,
            "column": 4
          },
          "end": {
            "line": 56,
            "column": 5
          }
        },
        "type": "if",
        "locations": [
          {
            "start": {
              "line": 50,
              "column": 4
            },
            "end": {
              "line": 56,
              "column": 5
            }
          },
          {
            "start": {
              "line": 50,
              "column": 4
            },
            "end": {
              "line": 56,
              "column": 5
            }
          }
        ],
        "line": 50
      },
      "2": {
        "loc": {
          "start": {
            "line": 50,
            "column": 8
          },
          "end": {
            "line": 50,
            "column": 36
          }
        },
        "type": "binary-expr",
        "locations": [
          {
            "start": {
              "line": 50,
              "column": 8
            },
            "end": {
              "line": 50,
              "column": 13
            }
          },
          {
            "start": {
              "line": 50,
              "column": 17
            },
            "end": {
              "line": 50,
              "column": 36
            }
          }
        ],
        "line": 50
      },
      "3": {
        "loc": {
          "start": {
            "line": 60,
            "column": 4
          },
          "end": {
            "line": 70,
            "column": 5
          }
        },
        "type": "if",
        "locations": [
          {
            "start": {
              "line": 60,
              "column": 4
            },
            "end": {
              "line": 70,
              "column": 5
            }
          },
          {
            "start": {
              "line": 60,
              "column": 4
            },
            "end": {
              "line": 70,
              "column": 5
            }
          }
        ],
        "line": 60
      },
      "4": {
        "loc": {
          "start": {
            "line": 61,
            "column": 6
          },
          "end": {
            "line": 63,
            "column": 50
          }
        },
        "type": "binary-expr",
        "locations": [
          {
            "start": {
              "line": 61,
              "column": 6
            },
            "end": {
              "line": 61,
              "column": 16
            }
          },
          {
            "start": {
              "line": 62,
              "column": 6
            },
            "end": {
              "line": 62,
              "column": 22
            }
          },
          {
            "start": {
              "line": 63,
              "column": 6
            },
            "end": {
              "line": 63,
              "column": 50
            }
          }
        ],
        "line": 61
      },
      "5": {
        "loc": {
          "start": {
            "line": 74,
            "column": 2
          },
          "end": {
            "line": 102,
            "column": 3
          }
        },
        "type": "if",
        "locations": [
          {
            "start": {
              "line": 74,
              "column": 2
            },
            "end": {
              "line": 102,
              "column": 3
            }
          },
          {
            "start": {
              "line": 74,
              "column": 2
            },
            "end": {
              "line": 102,
              "column": 3
            }
          }
        ],
        "line": 74
      },
      "6": {
        "loc": {
          "start": {
            "line": 74,
            "column": 6
          },
          "end": {
            "line": 74,
            "column": 27
          }
        },
        "type": "binary-expr",
        "locations": [
          {
            "start": {
              "line": 74,
              "column": 6
            },
            "end": {
              "line": 74,
              "column": 11
            }
          },
          {
            "start": {
              "line": 74,
              "column": 15
            },
            "end": {
              "line": 74,
              "column": 27
            }
          }
        ],
        "line": 74
      },
      "7": {
        "loc": {
          "start": {
            "line": 119,
            "column": 13
          },
          "end": {
            "line": 125,
            "column": 13
          }
        },
        "type": "binary-expr",
        "locations": [
          {
            "start": {
              "line": 119,
              "column": 13
            },
            "end": {
              "line": 119,
              "column": 18
            }
          },
          {
            "start": {
              "line": 120,
              "column": 14
            },
            "end": {
              "line": 124,
              "column": 18
            }
          }
        ],
        "line": 119
      },
      "8": {
        "loc": {
          "start": {
            "line": 128,
            "column": 11
          },
          "end": {
            "line": 128,
            "column": 65
          }
        },
        "type": "binary-expr",
        "locations": [
          {
            "start": {
              "line": 128,
              "column": 11
            },
            "end": {
              "line": 128,
              "column": 23
            }
          },
          {
            "start": {
              "line": 128,
              "column": 27
            },
            "end": {
              "line": 128,
              "column": 65
            }
          }
        ],
        "line": 128
      }
    },
    "s": {
      "0": 136,
      "1": 136,
      "2": 136,
      "3": 136,
      "4": 14,
      "5": 14,
      "6": 14,
      "7": 14,
      "8": 14,
      "9": 136,
      "10": 4,
      "11": 4,
      "12": 4,
      "13": 4,
      "14": 136,
      "15": 53,
      "16": 14,
      "17": 14,
      "18": 39,
      "19": 136,
      "20": 20,
      "21": 20,
      "22": 0,
      "23": 136,
      "24": 56,
      "25": 1,
      "26": 80,
      "27": 136
    },
    "f": {
      "0": 136,
      "1": 14,
      "2": 4,
      "3": 53,
      "4": 20,
      "5": 1
    },
    "b": {
      "0": [
        14,
        14
      ],
      "1": [
        14,
        39
      ],
      "2": [
        53,
        28
      ],
      "3": [
        0,
        20
      ],
      "4": [
        20,
        0,
        0
      ],
      "5": [
        56,
        80
      ],
      "6": [
        136,
        84
      ],
      "7": [
        136,
        84
      ],
      "8": [
        136,
        58
      ]
    },
    "_coverageSchema": "1a1c01bbd47fc00a2c39e90264f33305004495a9",
    "hash": "e94a8a04cb392aa30bec735b9f6c774f32a157ec"
  },
  "C:\\Users\\akiku\\OneDrive\\Työpöytä\\VisualCode\\studentin\\studentin-client\\src\\reportWebVitals.js": {
    "path": "C:\\Users\\akiku\\OneDrive\\Työpöytä\\VisualCode\\studentin\\studentin-client\\src\\reportWebVitals.js",
    "statementMap": {
      "0": {
        "start": {
          "line": 1,
          "column": 24
        },
        "end": {
          "line": 11,
          "column": 1
        }
      },
      "1": {
        "start": {
          "line": 2,
          "column": 2
        },
        "end": {
          "line": 10,
          "column": 3
        }
      },
      "2": {
        "start": {
          "line": 3,
          "column": 4
        },
        "end": {
          "line": 9,
          "column": 7
        }
      },
      "3": {
        "start": {
          "line": 4,
          "column": 6
        },
        "end": {
          "line": 4,
          "column": 26
        }
      },
      "4": {
        "start": {
          "line": 5,
          "column": 6
        },
        "end": {
          "line": 5,
          "column": 26
        }
      },
      "5": {
        "start": {
          "line": 6,
          "column": 6
        },
        "end": {
          "line": 6,
          "column": 26
        }
      },
      "6": {
        "start": {
          "line": 7,
          "column": 6
        },
        "end": {
          "line": 7,
          "column": 26
        }
      },
      "7": {
        "start": {
          "line": 8,
          "column": 6
        },
        "end": {
          "line": 8,
          "column": 27
        }
      }
    },
    "fnMap": {
      "0": {
        "name": "(anonymous_0)",
        "decl": {
          "start": {
            "line": 1,
            "column": 24
          },
          "end": {
            "line": 1,
            "column": 25
          }
        },
        "loc": {
          "start": {
            "line": 1,
            "column": 39
          },
          "end": {
            "line": 11,
            "column": 1
          }
        },
        "line": 1
      },
      "1": {
        "name": "(anonymous_1)",
        "decl": {
          "start": {
            "line": 3,
            "column": 30
          },
          "end": {
            "line": 3,
            "column": 31
          }
        },
        "loc": {
          "start": {
            "line": 3,
            "column": 79
          },
          "end": {
            "line": 9,
            "column": 5
          }
        },
        "line": 3
      }
    },
    "branchMap": {
      "0": {
        "loc": {
          "start": {
            "line": 2,
            "column": 2
          },
          "end": {
            "line": 10,
            "column": 3
          }
        },
        "type": "if",
        "locations": [
          {
            "start": {
              "line": 2,
              "column": 2
            },
            "end": {
              "line": 10,
              "column": 3
            }
          },
          {
            "start": {
              "line": 2,
              "column": 2
            },
            "end": {
              "line": 10,
              "column": 3
            }
          }
        ],
        "line": 2
      },
      "1": {
        "loc": {
          "start": {
            "line": 2,
            "column": 6
          },
          "end": {
            "line": 2,
            "column": 52
          }
        },
        "type": "binary-expr",
        "locations": [
          {
            "start": {
              "line": 2,
              "column": 6
            },
            "end": {
              "line": 2,
              "column": 17
            }
          },
          {
            "start": {
              "line": 2,
              "column": 21
            },
            "end": {
              "line": 2,
              "column": 52
            }
          }
        ],
        "line": 2
      }
    },
    "s": {
      "0": 20,
      "1": 20,
      "2": 0,
      "3": 0,
      "4": 0,
      "5": 0,
      "6": 0,
      "7": 0
    },
    "f": {
      "0": 20,
      "1": 0
    },
    "b": {
      "0": [
        0,
        20
      ],
      "1": [
        20,
        0
      ]
    },
    "_coverageSchema": "1a1c01bbd47fc00a2c39e90264f33305004495a9",
    "hash": "9fee87e6f45c0e81481e7c675275bf7f35b8ed21"
  },
  "C:\\Users\\akiku\\OneDrive\\Työpöytä\\VisualCode\\studentin\\studentin-client\\src\\index.js": {
    "path": "C:\\Users\\akiku\\OneDrive\\Työpöytä\\VisualCode\\studentin\\studentin-client\\src\\index.js",
    "statementMap": {
      "0": {
        "start": {
          "line": 7,
          "column": 0
        },
        "end": {
          "line": 12,
          "column": 2
        }
      },
      "1": {
        "start": {
          "line": 17,
          "column": 0
        },
        "end": {
          "line": 17,
          "column": 18
        }
      }
    },
    "fnMap": {},
    "branchMap": {},
    "s": {
      "0": 20,
      "1": 20
    },
    "f": {},
    "b": {},
    "_coverageSchema": "1a1c01bbd47fc00a2c39e90264f33305004495a9",
    "hash": "37200599f0fbf474e91d4b6b29bb209bd0d614b1"
  }
}